<?xml version="1.0" encoding="UTF-8"?>
<!-- Generated by org.testng.reporters.JUnitReportReporter -->
<testsuite skipped="0" hostname="Kose-MacBook-Pro.local" name="com.qa.DarkSky.tests.MainPageTest" tests="4" failures="0" timestamp="2021-03-31T22:48:37 EDT" time="11.424" errors="0">
  <testcase name="verifyTitleTest" time="0.388" classname="com.qa.DarkSky.tests.MainPageTest"/>
  <system-out/>
  <testcase name="enterlocation" time="8.228" classname="com.qa.DarkSky.tests.MainPageTest"/>
  <system-out/>
  <testcase name="verifyMinTemp" time="1.422" classname="com.qa.DarkSky.tests.MainPageTest"/>
  <system-out/>
  <testcase name="verifyMaxTemp" time="1.386" classname="com.qa.DarkSky.tests.MainPageTest"/>
  <system-out/>
</testsuite> <!-- com.qa.DarkSky.tests.MainPageTest -->
